<?xml version="1.0" encoding="UTF-8"?>
<testng-results skipped="0" failed="1" total="1" passed="0">
  <reporter-output>
  </reporter-output>
  <suite name="Default suite" duration-ms="511539" started-at="2017-09-09T06:32:55Z" finished-at="2017-09-09T06:41:26Z">
    <groups>
    </groups>
    <test name="Default test" duration-ms="511539" started-at="2017-09-09T06:32:55Z" finished-at="2017-09-09T06:41:26Z">
      <class name="Worklist.FilterTest">
        <test-method status="PASS" signature="initialioseBrowser()[pri:0, instance:Worklist.FilterTest@24b6b8f6]" name="initialioseBrowser" is-config="true" duration-ms="18524" started-at="2017-09-09T12:02:36Z" finished-at="2017-09-09T12:02:55Z">
          <reporter-output>
          </reporter-output>
        </test-method> <!-- initialioseBrowser -->
        <test-method status="PASS" signature="beforeSu()[pri:0, instance:Worklist.FilterTest@24b6b8f6]" name="beforeSu" is-config="true" duration-ms="93" started-at="2017-09-09T12:02:55Z" depends-on-methods="common_Function.WebDriverPass.initialioseBrowser" finished-at="2017-09-09T12:02:55Z">
          <reporter-output>
          </reporter-output>
        </test-method> <!-- beforeSu -->
        <test-method status="FAIL" signature="JobStatus()[pri:1, instance:Worklist.FilterTest@24b6b8f6]" name="JobStatus" duration-ms="511351" started-at="2017-09-09T12:02:55Z" finished-at="2017-09-09T12:11:26Z">
          <exception class="java.lang.AssertionError">
            <message>
              <![CDATA[expected [true] but found [false]]]>
            </message>
            <full-stacktrace>
              <![CDATA[java.lang.AssertionError: expected [true] but found [false]
	at org.testng.Assert.fail(Assert.java:94)
	at org.testng.Assert.failNotEquals(Assert.java:496)
	at org.testng.Assert.assertTrue(Assert.java:42)
	at org.testng.Assert.assertTrue(Assert.java:52)
	at Worklist.FilterTest.JobStatus(FilterTest.java:31)
	at sun.reflect.NativeMethodAccessorImpl.invoke0(Native Method)
	at sun.reflect.NativeMethodAccessorImpl.invoke(Unknown Source)
	at sun.reflect.DelegatingMethodAccessorImpl.invoke(Unknown Source)
	at java.lang.reflect.Method.invoke(Unknown Source)
	at org.testng.internal.MethodInvocationHelper.invokeMethod(MethodInvocationHelper.java:85)
	at org.testng.internal.Invoker.invokeMethod(Invoker.java:639)
	at org.testng.internal.Invoker.invokeTestMethod(Invoker.java:816)
	at org.testng.internal.Invoker.invokeTestMethods(Invoker.java:1124)
	at org.testng.internal.TestMethodWorker.invokeTestMethods(TestMethodWorker.java:125)
	at org.testng.internal.TestMethodWorker.run(TestMethodWorker.java:108)
	at org.testng.TestRunner.privateRun(TestRunner.java:774)
	at org.testng.TestRunner.run(TestRunner.java:624)
	at org.testng.SuiteRunner.runTest(SuiteRunner.java:359)
	at org.testng.SuiteRunner.runSequentially(SuiteRunner.java:354)
	at org.testng.SuiteRunner.privateRun(SuiteRunner.java:312)
	at org.testng.SuiteRunner.run(SuiteRunner.java:261)
	at org.testng.SuiteRunnerWorker.runSuite(SuiteRunnerWorker.java:52)
	at org.testng.SuiteRunnerWorker.run(SuiteRunnerWorker.java:86)
	at org.testng.TestNG.runSuitesSequentially(TestNG.java:1215)
	at org.testng.TestNG.runSuitesLocally(TestNG.java:1140)
	at org.testng.TestNG.run(TestNG.java:1048)
	at org.testng.remote.AbstractRemoteTestNG.run(AbstractRemoteTestNG.java:132)
	at org.testng.remote.RemoteTestNG.initAndRun(RemoteTestNG.java:230)
	at org.testng.remote.RemoteTestNG.main(RemoteTestNG.java:76)
]]>
            </full-stacktrace>
          </exception> <!-- java.lang.AssertionError -->
          <reporter-output>
          </reporter-output>
        </test-method> <!-- JobStatus -->
        <test-method status="PASS" signature="afterMethod(org.testng.ITestResult)[pri:0, instance:Worklist.FilterTest@24b6b8f6]" name="afterMethod" is-config="true" duration-ms="172" started-at="2017-09-09T12:11:26Z" finished-at="2017-09-09T12:11:26Z">
          <params>
            <param index="0">
              <value>
                <![CDATA[[TestResult name=JobStatus status=FAILURE method=FilterTest.JobStatus()[pri:1, instance:Worklist.FilterTest@24b6b8f6] output={null}]]]>
              </value>
            </param>
          </params>
          <reporter-output>
          </reporter-output>
        </test-method> <!-- afterMethod -->
        <test-method status="PASS" signature="afterSu()[pri:0, instance:Worklist.FilterTest@24b6b8f6]" name="afterSu" is-config="true" duration-ms="15" started-at="2017-09-09T12:11:26Z" finished-at="2017-09-09T12:11:26Z">
          <reporter-output>
          </reporter-output>
        </test-method> <!-- afterSu -->
        <test-method status="PASS" signature="closeBrowser()[pri:0, instance:Worklist.FilterTest@24b6b8f6]" name="closeBrowser" is-config="true" duration-ms="1030" started-at="2017-09-09T12:11:26Z" depends-on-methods="Worklist.FilterTest.afterSu" finished-at="2017-09-09T12:11:27Z">
          <reporter-output>
          </reporter-output>
        </test-method> <!-- closeBrowser -->
      </class> <!-- Worklist.FilterTest -->
    </test> <!-- Default test -->
  </suite> <!-- Default suite -->
</testng-results>
